<?xml version="1.0" encoding="UTF-8"?>
<!-- Generated by org.testng.reporters.JUnitReportReporter -->
<testsuite hostname="SAANVIPC" failures="0" tests="2" name="Test.day2" time="0.002" errors="0" timestamp="2023-02-02T13:50:19 EST" skipped="0">
  <testcase classname="Test.day2" name="Demo" time="0.001"/>
  <system-out/>
  <testcase classname="Test.day2" name="SecondTest" time="0.001"/>
  <system-out/>
</testsuite> <!-- Test.day2 -->
