<?xml version="1.0" encoding="UTF-8"?>
<!-- Generated by org.testng.reporters.JUnitReportReporter -->
<testsuite hostname="SAANVIPC" failures="0" tests="5" name="Test.day3" time="0.010" errors="0" timestamp="2023-02-02T13:50:19 EST" skipped="0">
  <testcase classname="Test.day3" name="MobileLogincreation" time="0.002"/>
  <system-out/>
  <testcase classname="Test.day3" name="MobileLogincreationIn" time="0.001"/>
  <system-out/>
  <testcase classname="Test.day3" name="APIMobileLoginAPIcarLoan" time="0.003"/>
  <system-out/>
  <testcase classname="Test.day3" name="MobileLogincreationrr" time="0.003"/>
  <system-out/>
  <testcase classname="Test.day3" name="WebloginLoan" time="0.001"/>
  <system-out/>
</testsuite> <!-- Test.day3 -->
