<?xml version="1.0" encoding="UTF-8"?>
<!-- Generated by org.testng.reporters.JUnitReportReporter -->
<testsuite hostname="SAANVIPC" failures="0" tests="3" name="Test.day4" time="0.012" errors="0" timestamp="2023-02-02T13:50:19 EST" skipped="0">
  <testcase classname="Test.day4" name="LoginAPIcarLoan" time="0.003"/>
  <system-out/>
  <testcase classname="Test.day4" name="MobileLogincreation" time="0.004"/>
  <system-out/>
  <testcase classname="Test.day4" name="WebloginLoan" time="0.005"/>
  <system-out/>
</testsuite> <!-- Test.day4 -->
