<?xml version="1.0" encoding="UTF-8"?>
<!-- Generated by org.testng.reporters.JUnitReportReporter -->
<testsuite hostname="SAANVIPC" failures="0" tests="1" name="Test.Day" time="0.007" errors="0" timestamp="2023-02-02T13:50:19 EST" skipped="0">
  <testcase classname="Test.Day" name="Demo" time="0.007"/>
  <system-out/>
</testsuite> <!-- Test.Day -->
